\BOOKMARK [0][-]{chapter*.2}{Acknowledgments}{}% 1
\BOOKMARK [0][-]{chapter.1}{Week1}{}% 2
\BOOKMARK [1][-]{section.1.1}{Tuesday}{chapter.1}% 3
\BOOKMARK [2][-]{subsection.1.1.1}{Introduction and Examples}{section.1.1}% 4
\BOOKMARK [1][-]{section.1.2}{Thursday}{chapter.1}% 5
\BOOKMARK [2][-]{subsection.1.2.1}{Examples}{section.1.2}% 6
\BOOKMARK [0][-]{chapter.2}{week2}{}% 7
\BOOKMARK [1][-]{section.2.1}{Tuesday}{chapter.2}% 8
\BOOKMARK [2][-]{subsection.2.1.1}{Quasi-linear Equations}{section.2.1}% 9
\BOOKMARK [2][-]{subsection.2.1.2}{Cauchy Problem}{section.2.1}% 10
\BOOKMARK [1][-]{section.2.2}{Thursday}{chapter.2}% 11
\BOOKMARK [2][-]{subsection.2.2.1}{2nd order Quasi-linear}{section.2.2}% 12
\BOOKMARK [0][-]{chapter.3}{week3}{}% 13
\BOOKMARK [1][-]{section.3.1}{Tuesday}{chapter.3}% 14
\BOOKMARK [2][-]{subsection.3.1.1}{Initial-boundary Value Problem}{section.3.1}% 15
\BOOKMARK [0][-]{chapter.4}{week3}{}% 16
\BOOKMARK [1][-]{section.4.1}{Thursday}{chapter.4}% 17
\BOOKMARK [2][-]{subsection.4.1.1}{Fourier Series}{section.4.1}% 18
\BOOKMARK [0][-]{chapter.5}{Week4}{}% 19
\BOOKMARK [1][-]{section.5.1}{Tuesday}{chapter.5}% 20
\BOOKMARK [2][-]{subsection.5.1.1}{Inhomogeneous Wave Equation}{section.5.1}% 21
\BOOKMARK [0][-]{chapter.6}{week4}{}% 22
\BOOKMARK [1][-]{section.6.1}{Thursday}{chapter.6}% 23
\BOOKMARK [2][-]{subsection.6.1.1}{}{section.6.1}% 24
\BOOKMARK [0][-]{chapter.7}{Week5}{}% 25
\BOOKMARK [1][-]{section.7.1}{Tuesday}{chapter.7}% 26
\BOOKMARK [2][-]{subsection.7.1.1}{Heat Equation}{section.7.1}% 27
\BOOKMARK [1][-]{section.7.2}{Thursday}{chapter.7}% 28
\BOOKMARK [2][-]{subsection.7.2.1}{Fourier Transformation}{section.7.2}% 29
